<?xml version="1.0" encoding="UTF-8"?>
<!-- Generated by org.testng.reporters.JUnitXMLReporter -->
<testsuite ignored="2" hostname="DESKTOP-FPK37S0" failures="0" tests="1" name="Default test" time="14.022" errors="0" timestamp="2024-01-27T12:39:41 IST">
  <testcase classname="RestAssuredDemo.RestAssuredDemo.header_test" name="get_multiple_headers_details" time="13.534"/>
  <testcase classname="RestAssuredDemo.RestAssuredDemo.header_test" name="get_header_onebyone" time="0.0">
    <ignored/>
  </testcase> <!-- get_header_onebyone -->
  <testcase classname="RestAssuredDemo.RestAssuredDemo.header_test" name="get_detailed_header" time="0.0">
    <ignored/>
  </testcase> <!-- get_detailed_header -->
</testsuite> <!-- Default test -->
